<?xml version="1.0" encoding="UTF-8"?>
<!-- Generated by org.testng.reporters.JUnitXMLReporter -->
<testsuite ignored="0" hostname="DESKTOP-NAT0VEE" failures="4" tests="6" name="Surefire test" time="12.658" errors="0" timestamp="2025-03-07T15:18:56 BRT">
  <testcase classname="api.test.DDTests" name="testPostUser" time="0.0">
    <failure type="java.lang.RuntimeException" message="java.lang.NoSuchMethodError: &amp;apos;org.apache.logging.log4j.LogBuilder org.apache.logging.log4j.Logger.atDebug()&amp;apos;">
      <![CDATA[java.lang.RuntimeException: java.lang.NoSuchMethodError: 'org.apache.logging.log4j.LogBuilder org.apache.logging.log4j.Logger.atDebug()'
at java.base/java.util.ArrayList.forEach(ArrayList.java:1597)
Caused by: java.lang.NoSuchMethodError: 'org.apache.logging.log4j.LogBuilder org.apache.logging.log4j.Logger.atDebug()'
at org.apache.poi.openxml4j.opc.PackageRelationshipCollection.parseRelationshipsPart(PackageRelationshipCollection.java:309)
at org.apache.poi.openxml4j.opc.PackageRelationshipCollection.<init>(PackageRelationshipCollection.java:160)
at org.apache.poi.openxml4j.opc.PackageRelationshipCollection.<init>(PackageRelationshipCollection.java:130)
at org.apache.poi.openxml4j.opc.PackagePart.loadRelationships(PackagePart.java:565)
at org.apache.poi.openxml4j.opc.OPCPackage.getParts(OPCPackage.java:745)
at org.apache.poi.openxml4j.opc.OPCPackage.open(OPCPackage.java:315)
at org.apache.poi.ooxml.util.PackageHelper.open(PackageHelper.java:59)
at org.apache.poi.xssf.usermodel.XSSFWorkbook.<init>(XSSFWorkbook.java:289)
at org.apache.poi.xssf.usermodel.XSSFWorkbook.<init>(XSSFWorkbook.java:285)
at api.utilities.XLUtility.getRowCount(XLUtility.java:33)
at api.utilities.DataProviders.getAllData(DataProviders.java:16)
... 30 more
... Removed 35 stack frames]]>
    </failure>
  </testcase> <!-- testPostUser -->
  <testcase classname="api.test.DDTests" name="testDeleteUserByName" time="0.0">
    <failure type="java.lang.RuntimeException" message="java.lang.NoSuchMethodError: &amp;apos;org.apache.logging.log4j.LogBuilder org.apache.logging.log4j.Logger.atDebug()&amp;apos;">
      <![CDATA[java.lang.RuntimeException: java.lang.NoSuchMethodError: 'org.apache.logging.log4j.LogBuilder org.apache.logging.log4j.Logger.atDebug()'
at java.base/java.util.ArrayList.forEach(ArrayList.java:1597)
Caused by: java.lang.NoSuchMethodError: 'org.apache.logging.log4j.LogBuilder org.apache.logging.log4j.Logger.atDebug()'
at org.apache.poi.openxml4j.opc.PackageRelationshipCollection.parseRelationshipsPart(PackageRelationshipCollection.java:309)
at org.apache.poi.openxml4j.opc.PackageRelationshipCollection.<init>(PackageRelationshipCollection.java:160)
at org.apache.poi.openxml4j.opc.PackageRelationshipCollection.<init>(PackageRelationshipCollection.java:130)
at org.apache.poi.openxml4j.opc.PackagePart.loadRelationships(PackagePart.java:565)
at org.apache.poi.openxml4j.opc.OPCPackage.getParts(OPCPackage.java:745)
at org.apache.poi.openxml4j.opc.OPCPackage.open(OPCPackage.java:315)
at org.apache.poi.ooxml.util.PackageHelper.open(PackageHelper.java:59)
at org.apache.poi.xssf.usermodel.XSSFWorkbook.<init>(XSSFWorkbook.java:289)
at org.apache.poi.xssf.usermodel.XSSFWorkbook.<init>(XSSFWorkbook.java:285)
at api.utilities.XLUtility.getRowCount(XLUtility.java:33)
at api.utilities.DataProviders.getUserNames(DataProviders.java:36)
... 30 more
... Removed 35 stack frames]]>
    </failure>
  </testcase> <!-- testDeleteUserByName -->
  <testcase classname="api.test.UserTest" name="testPostUser" time="7.097"/>
  <testcase classname="api.test.UserTest" name="testGetUserByName" time="0.801"/>
  <testcase classname="api.test.UserTest" name="testUpdateUserByName" time="1.514">
    <failure type="java.lang.AssertionError" message="expected [200] but found [404]">
      <![CDATA[java.lang.AssertionError: expected [200] but found [404]
at api.test.UserTest.testUpdateUserByName(UserTest.java:82)
at java.base/java.util.ArrayList.forEach(ArrayList.java:1597)
... Removed 36 stack frames]]>
    </failure>
  </testcase> <!-- testUpdateUserByName -->
  <testcase classname="api.test.UserTest" name="testDeleteUserByName" time="0.75">
    <failure type="java.lang.AssertionError" message="expected [200] but found [404]">
      <![CDATA[java.lang.AssertionError: expected [200] but found [404]
at api.test.UserTest.testDeleteUserByName(UserTest.java:93)
at java.base/java.util.ArrayList.forEach(ArrayList.java:1597)
... Removed 36 stack frames]]>
    </failure>
  </testcase> <!-- testDeleteUserByName -->
</testsuite> <!-- Surefire test -->
