<?xml version="1.0" encoding="UTF-8"?>
<!-- Generated by org.testng.reporters.JUnitXMLReporter -->
<testsuite ignored="0" hostname="DESKTOP-NAT0VEE" failures="0" tests="6" name="Default test" time="12.426" errors="0" timestamp="2025-03-06T18:34:31 BRT">
  <testcase classname="api.test.DDTests" name="testPostUser" time="5.173"/>
  <testcase classname="api.test.DDTests" name="testPostUser" time="0.755"/>
  <testcase classname="api.test.DDTests" name="testPostUser" time="0.756"/>
  <testcase classname="api.test.DDTests" name="testDeleteUserByName" time="0.815"/>
  <testcase classname="api.test.DDTests" name="testDeleteUserByName" time="0.756"/>
  <testcase classname="api.test.DDTests" name="testDeleteUserByName" time="0.724"/>
</testsuite> <!-- Default test -->
