<?xml version="1.0" encoding="UTF-8"?>
<testsuite xmlns:xsi="http://www.w3.org/2001/XMLSchema-instance" xsi:noNamespaceSchemaLocation="https://maven.apache.org/surefire/maven-surefire-plugin/xsd/surefire-test-report.xsd" version="3.0.2" name="TestSuite" time="47.167" tests="4" errors="0" skipped="0" failures="0">
  <properties>
[...]
</properties>
  <testcase name="testPostUser" classname="api.test.UserTest2" time="8.297">
    <system-out><![CDATA[2025-03-07 16:14:08 [main] INFO  api.test.UserTest2 - Creating user
======== create =====
HTTP/1.1 200 OK
Date: Fri, 07 Mar 2025 19:14:15 GMT
Content-Type: application/json
Transfer-Encoding: chunked
Connection: keep-alive
Access-Control-Allow-Origin: *
Access-Control-Allow-Methods: GET, POST, DELETE, PUT
Access-Control-Allow-Headers: Content-Type, api_key, Authorization
Server: Jetty(9.2.9.v20150224)

{
    "code": 200,
    "type": "unknown",
    "message": "154173878"
}
2025-03-07 16:14:16 [main] INFO  api.test.UserTest2 - User Created
]]></system-out>
    <system-err><![CDATA[SLF4J: Failed to load class "org.slf4j.impl.StaticLoggerBinder".
SLF4J: Defaulting to no-operation (NOP) logger implementation
SLF4J: See http://www.slf4j.org/codes.html#StaticLoggerBinder for further details.
]]></system-err>
  </testcase>
  <testcase name="testGetUserByName" classname="api.test.UserTest2" time="10.827">
    <system-out><![CDATA[2025-03-07 16:14:26 [main] INFO  api.test.UserTest2 - Getting user info
======== read =====
HTTP/1.1 200 OK
Date: Fri, 07 Mar 2025 19:14:26 GMT
Content-Type: application/json
Transfer-Encoding: chunked
Connection: keep-alive
Access-Control-Allow-Origin: *
Access-Control-Allow-Methods: GET, POST, DELETE, PUT
Access-Control-Allow-Headers: Content-Type, api_key, Authorization
Server: Jetty(9.2.9.v20150224)

{
    "id": 154173878,
    "username": "brinda.boyer",
    "firstName": "Keiko",
    "lastName": "O'Reilly",
    "email": "devin.watsica@example.com",
    "password": "f6b5gn7e54l",
    "phone": "776-167-6100",
    "userStatus": 0
}
2025-03-07 16:14:27 [main] INFO  api.test.UserTest2 - Got user info
]]></system-out>
  </testcase>
  <testcase name="testUpdateUserByName" classname="api.test.UserTest2" time="11.573">
    <system-out><![CDATA[2025-03-07 16:14:37 [main] INFO  api.test.UserTest2 - Updating  user
======== update =====
HTTP/1.1 200 OK
Date: Fri, 07 Mar 2025 19:14:37 GMT
Content-Type: application/json
Transfer-Encoding: chunked
Connection: keep-alive
Access-Control-Allow-Origin: *
Access-Control-Allow-Methods: GET, POST, DELETE, PUT
Access-Control-Allow-Headers: Content-Type, api_key, Authorization
Server: Jetty(9.2.9.v20150224)

{
    "code": 200,
    "type": "unknown",
    "message": "154173878"
}
======== read =====
2025-03-07 16:14:39 [main] INFO  api.test.UserTest2 - USer updated
]]></system-out>
  </testcase>
  <testcase name="testDeleteUserByName" classname="api.test.UserTest2" time="10.783">
    <system-out><![CDATA[2025-03-07 16:14:49 [main] INFO  api.test.UserTest2 - Deleting user
======== delete =====
2025-03-07 16:14:50 [main] INFO  api.test.UserTest2 - User deleted
]]></system-out>
  </testcase>
</testsuite>