<?xml version="1.0" encoding="UTF-8"?>
<testng-results ignored="0" total="4" passed="4" failed="0" skipped="0">
  <reporter-output>
  </reporter-output>
  <suite started-at="2025-03-08T18:44:51 BRT" name="PetSuite" finished-at="2025-03-08T18:45:32 BRT" duration-ms="40985">
    <groups>
    </groups>
    <test started-at="2025-03-08T18:44:51 BRT" name="PetTest" finished-at="2025-03-08T18:45:32 BRT" duration-ms="40985">
      <class name="api.test.UserTest2">
        <test-method is-config="true" signature="setupData()[pri:0, instance:api.test.UserTest2@4d9e68d0]" started-at="2025-03-08T18:44:52 BRT" name="setupData" finished-at="2025-03-08T18:44:53 BRT" duration-ms="1484" status="PASS">
          <reporter-output>
          </reporter-output>
        </test-method> <!-- setupData -->
        <test-method signature="testPostUser()[pri:1, instance:api.test.UserTest2@4d9e68d0]" started-at="2025-03-08T18:44:53 BRT" name="testPostUser" finished-at="2025-03-08T18:44:59 BRT" duration-ms="5812" status="PASS">
          <reporter-output>
          </reporter-output>
        </test-method> <!-- testPostUser -->
        <test-method signature="testGetUserByName()[pri:2, instance:api.test.UserTest2@4d9e68d0]" started-at="2025-03-08T18:44:59 BRT" name="testGetUserByName" finished-at="2025-03-08T18:45:10 BRT" duration-ms="10805" status="PASS">
          <reporter-output>
          </reporter-output>
        </test-method> <!-- testGetUserByName -->
        <test-method signature="testUpdateUserByName()[pri:3, instance:api.test.UserTest2@4d9e68d0]" started-at="2025-03-08T18:45:10 BRT" name="testUpdateUserByName" finished-at="2025-03-08T18:45:21 BRT" duration-ms="11497" status="PASS">
          <reporter-output>
          </reporter-output>
        </test-method> <!-- testUpdateUserByName -->
        <test-method signature="testDeleteUserByName()[pri:4, instance:api.test.UserTest2@4d9e68d0]" started-at="2025-03-08T18:45:21 BRT" name="testDeleteUserByName" finished-at="2025-03-08T18:45:32 BRT" duration-ms="10748" status="PASS">
          <reporter-output>
          </reporter-output>
        </test-method> <!-- testDeleteUserByName -->
      </class> <!-- api.test.UserTest2 -->
    </test> <!-- PetTest -->
  </suite> <!-- PetSuite -->
</testng-results>
