<?xml version="1.0" encoding="UTF-8"?>
<testng-results ignored="0" total="4" passed="4" failed="0" skipped="0">
  <reporter-output>
  </reporter-output>
  <suite started-at="2025-03-07T16:14:05 BRT" name="PetSuite" finished-at="2025-03-07T16:14:50 BRT" duration-ms="44527">
    <groups>
    </groups>
    <test started-at="2025-03-07T16:14:05 BRT" name="PetTest" finished-at="2025-03-07T16:14:50 BRT" duration-ms="44527">
      <class name="api.test.UserTest2">
        <test-method is-config="true" signature="setupData()[pri:0, instance:api.test.UserTest2@1cbbffcd]" started-at="2025-03-07T16:14:06 BRT" name="setupData" finished-at="2025-03-07T16:14:08 BRT" duration-ms="2274" status="PASS">
          <reporter-output>
          </reporter-output>
        </test-method> <!-- setupData -->
        <test-method signature="testPostUser()[pri:1, instance:api.test.UserTest2@1cbbffcd]" started-at="2025-03-07T16:14:08 BRT" name="testPostUser" finished-at="2025-03-07T16:14:16 BRT" duration-ms="8269" status="PASS">
          <reporter-output>
          </reporter-output>
        </test-method> <!-- testPostUser -->
        <test-method signature="testGetUserByName()[pri:2, instance:api.test.UserTest2@1cbbffcd]" started-at="2025-03-07T16:14:16 BRT" name="testGetUserByName" finished-at="2025-03-07T16:14:27 BRT" duration-ms="10864" status="PASS">
          <reporter-output>
          </reporter-output>
        </test-method> <!-- testGetUserByName -->
        <test-method signature="testUpdateUserByName()[pri:3, instance:api.test.UserTest2@1cbbffcd]" started-at="2025-03-07T16:14:27 BRT" name="testUpdateUserByName" finished-at="2025-03-07T16:14:39 BRT" duration-ms="11570" status="PASS">
          <reporter-output>
          </reporter-output>
        </test-method> <!-- testUpdateUserByName -->
        <test-method signature="testDeleteUserByName()[pri:4, instance:api.test.UserTest2@1cbbffcd]" started-at="2025-03-07T16:14:39 BRT" name="testDeleteUserByName" finished-at="2025-03-07T16:14:50 BRT" duration-ms="10783" status="PASS">
          <reporter-output>
          </reporter-output>
        </test-method> <!-- testDeleteUserByName -->
      </class> <!-- api.test.UserTest2 -->
    </test> <!-- PetTest -->
  </suite> <!-- PetSuite -->
</testng-results>
