<?xml version="1.0" encoding="UTF-8"?>
<!-- Generated by org.testng.reporters.JUnitXMLReporter -->
<testsuite ignored="0" hostname="DESKTOP-NAT0VEE" failures="0" tests="4" name="PetTest" time="40.985" errors="0" timestamp="2025-03-08T18:45:33 BRT">
  <testcase classname="api.test.UserTest2" name="testPostUser" time="5.812"/>
  <testcase classname="api.test.UserTest2" name="testGetUserByName" time="10.805"/>
  <testcase classname="api.test.UserTest2" name="testUpdateUserByName" time="11.497"/>
  <testcase classname="api.test.UserTest2" name="testDeleteUserByName" time="10.748"/>
</testsuite> <!-- PetTest -->
