<?xml version="1.0" encoding="UTF-8"?>
<!-- Generated by org.testng.reporters.JUnitXMLReporter -->
<testsuite ignored="0" hostname="DESKTOP-NAT0VEE" failures="1" tests="4" name="PetTest" time="42.48" errors="0" timestamp="2025-03-16T16:23:07 BRT">
  <testcase classname="api.test.UserTest2" name="testPostUser" time="6.892"/>
  <testcase classname="api.test.UserTest2" name="testGetUserByName" time="10.868">
    <failure type="java.lang.AssertionError" message="expected [200] but found [404]">
      <![CDATA[java.lang.AssertionError: expected [200] but found [404]
at api.test.UserTest2.testGetUserByName(UserTest2.java:62)
at java.base/java.util.ArrayList.forEach(ArrayList.java:1596)
... Removed 36 stack frames]]>
    </failure>
  </testcase> <!-- testGetUserByName -->
  <testcase classname="api.test.UserTest2" name="testUpdateUserByName" time="11.548"/>
  <testcase classname="api.test.UserTest2" name="testDeleteUserByName" time="10.763"/>
</testsuite> <!-- PetTest -->
